Build started 12/18/2015 10:14:04 PM.
     1>Project "C:\Users\Stephen\documents\visual studio 2015\Projects\Sprites\Prototype GameEngine\Prototype GameEngine.vcxproj" on node 2 (Build target(s)).
     1>ClCompile:
         C:\Program Files (x86)\Microsoft Visual Studio 14.0\VC\bin\CL.exe /c /ZI /nologo /W3 /WX- /sdl /Od /Oy- /D WIN32 /D _DEBUG /D _LIB /D _UNICODE /D UNICODE /Gm /EHsc /RTC1 /MDd /GS /fp:precise /Zc:wchar_t /Zc:forScope /Zc:inline /Fo"Debug\\" /Fd"Debug\Prototype GameEngine.pdb" /Gd /TP /analyze- /errorReport:prompt Camera2D.cpp
         Camera2D.cpp
       Lib:
         C:\Program Files (x86)\Microsoft Visual Studio 14.0\VC\bin\Lib.exe /OUT:"C:\Users\Stephen\documents\visual studio 2015\Projects\Sprites\Debug\Prototype GameEngine.lib" /NOLOGO Debug\Camera2D.obj
         Debug\Errors.obj
         Debug\GameEngine.obj
         Debug\GLSLProgram.obj
         Debug\ImageLoader.obj
         Debug\InputManager.obj
         Debug\IOManager.obj
         Debug\picoPNG.obj
         Debug\ResourceManager.obj
         Debug\Sprite.obj
         Debug\SpriteBatch.obj
         Debug\TextureCache.obj
         Debug\Timing.obj
         Debug\Window.obj
         Prototype GameEngine.vcxproj -> C:\Users\Stephen\documents\visual studio 2015\Projects\Sprites\Debug\Prototype GameEngine.lib
     1>Done Building Project "C:\Users\Stephen\documents\visual studio 2015\Projects\Sprites\Prototype GameEngine\Prototype GameEngine.vcxproj" (Build target(s)).

Build succeeded.

Time Elapsed 00:00:00.59
